#
# A fatal error has been detected by the Java Runtime Environment:
#
#  SIGSEGV (0xb) at pc=0x0000000124c30304, pid=63229, tid=0x0000000000000307
#
# JRE version: Java(TM) SE Runtime Environment (8.0_101-b13) (build 1.8.0_101-b13)
# Java VM: Java HotSpot(TM) 64-Bit Server VM (25.101-b13 mixed mode bsd-amd64 compressed oops)
# Problematic frame:
# C  [libglass.dylib+0x5304]  -[GlassApplication applicationWillHide:]+0xd4
#
# Failed to write core dump. Core dumps have been disabled. To enable core dumping, try "ulimit -c unlimited" before starting Java again
#
# If you would like to submit a bug report, please visit:
#   http://bugreport.java.com/bugreport/crash.jsp
#

---------------  T H R E A D  ---------------

Current thread is native thread

siginfo: si_signo: 11 (SIGSEGV), si_code: 1 (SEGV_MAPERR), si_addr: 0x0000000000000000

Registers:
RAX=0x00007f98c9b21350, RBX=0x0000000000000000, RCX=0x0000000000000008, RDX=0x0000000000000000
RSP=0x00007ffeeaa5d3d0, RBP=0x00007ffeeaa5d800, RSI=0x00007fff454550e6, RDI=0x00007f98cc110080
R8 =0x0000000000000000, R9 =0x00007f98c9b21350, R10=0x00007fffa1747668, R11=0x00007f98c7c05ac0
R12=0x00007fff6dfa9e80, R13=0x0000000124c74550, R14=0x00007f98c9a46900, R15=0x00007f98c9b21350
RIP=0x0000000124c30304, EFLAGS=0x0000000000010202, ERR=0x0000000000000004
  TRAPNO=0x000000000000000e

Top of Stack: (sp=0x00007ffeeaa5d3d0)
0x00007ffeeaa5d3d0:   0000000124c302a5 00007fff4720428c
0x00007ffeeaa5d3e0:   00007fff4720417a 00007fff47203ec2
0x00007ffeeaa5d3f0:   00007fff471c2af2 00007fff471c1b8c
0x00007ffeeaa5d400:   00007fff492c0467 00007fff44bdc68b
0x00007ffeeaa5d410:   00007fff44933371 00007fff464d4814
0x00007ffeeaa5d420:   00007fff464d3b5d 00007fff464e8e61
0x00007ffeeaa5d430:   00007fff447c7419 00007fff44f5cb4c
0x00007ffeeaa5d440:   00007fff447bbd6d 0000000125b1014d
0x00007ffeeaa5d450:   00000001288764b3 00007fff493221c5
0x00007ffeeaa5d460:   00007fff4720ca21 00007fff472c426c
0x00007ffeeaa5d470:   00007fff471efab0 00007fff471eef2d
0x00007ffeeaa5d480:   00007fff471ee787 00000001051a3465
0x00007ffeeaa5d490:   000000010519f18c 00000001051a54c2
0x00007ffeeaa5d4a0:   000000010519e9e4 0000000000000006
0x00007ffeeaa5d4b0:   00007ffeeaa5d500 00007fff6dfb1bdb
0x00007ffeeaa5d4c0:   ffff8067365b7c80 00007f98ca15b700
0x00007ffeeaa5d4d0:   00007fffa778d2c0 00007f98cc110010
0x00007ffeeaa5d4e0:   a3a3a3a3a3a3a3a3 00007f98c986c2e8
0x00007ffeeaa5d4f0:   00007f98cc110068 00007f98cc110000
0x00007ffeeaa5d500:   00007ffeeaa5d950 00007fff6dfad042
0x00007ffeeaa5d510:   0000000000000000 0000000000000000
0x00007ffeeaa5d520:   0000000000000000 0000000000000000
0x00007ffeeaa5d530:   0000000000000000 0000000000000000
0x00007ffeeaa5d540:   0000000000000000 0000000000000000
0x00007ffeeaa5d550:   0000000000000000 0000000000000000
0x00007ffeeaa5d560:   0000000000000000 0000000000000000
0x00007ffeeaa5d570:   0000000000000000 0000000000000000
0x00007ffeeaa5d580:   0000000000000000 0000000000000000
0x00007ffeeaa5d590:   0000000000000000 0000000000000000
0x00007ffeeaa5d5a0:   00007f98c98299e0 0000000000000013
0x00007ffeeaa5d5b0:   00007ffeeaa5d640 00007fff47178b92
0x00007ffeeaa5d5c0:   0000000000000000 0000000000000000 

Instructions: (pc=0x0000000124c30304)
0x0000000124c302e4:   8b 35 e6 f2 03 00 4c 8b 25 8f 7e 03 00 41 ff d4
0x0000000124c302f4:   48 8b 35 85 f2 03 00 48 89 c7 41 ff d4 49 89 c7
0x0000000124c30304:   48 8b 03 4c 8b a8 e8 01 00 00 48 8b 05 c3 0f 04
0x0000000124c30314:   00 4d 8b 34 06 48 8b 3d d8 04 04 00 48 8b 35 e1 

Register to memory mapping:

RAX=0x00007f98c9b21350 is an unknown value
RBX=0x0000000000000000 is an unknown value
RCX=0x0000000000000008 is an unknown value
RDX=0x0000000000000000 is an unknown value
RSP=0x00007ffeeaa5d3d0 is an unknown value
RBP=0x00007ffeeaa5d800 is an unknown value
RSI=0x00007fff454550e6: .str.41.llvm.371263A9+0x3a370 in /System/Library/Frameworks/AppKit.framework/Versions/C/AppKit at 0x00007fff44785000
RDI=0x00007f98cc110080 is an unknown value
R8 =0x0000000000000000 is an unknown value
R9 =0x00007f98c9b21350 is an unknown value
R10=0x00007fffa1747668: OBJC_CLASS_$_NSAutoreleasePool+0 in /System/Library/Frameworks/Foundation.framework/Versions/C/Foundation at 0x00007fff492ba000
R11=0x00007f98c7c05ac0 is an unknown value
R12=0x00007fff6dfa9e80: objc_msgSend+0 in /usr/lib/libobjc.A.dylib at 0x00007fff6dfa3000
R13=0x0000000124c74550: jEnv+0 in /Library/Java/JavaVirtualMachines/jdk1.8.0_101.jdk/Contents/Home/jre/lib/libglass.dylib at 0x0000000124c2b000
R14=0x00007f98c9a46900 is an unknown value
R15=0x00007f98c9b21350 is an unknown value


Stack: [0x00007ffeea263000,0x00007ffeeaa63000],  sp=0x00007ffeeaa5d3d0,  free space=8168k
Native frames: (J=compiled Java code, j=interpreted, Vv=VM code, C=native code)
C  [libglass.dylib+0x5304]  -[GlassApplication applicationWillHide:]+0xd4
C  [CoreFoundation+0x9728c]  __CFNOTIFICATIONCENTER_IS_CALLING_OUT_TO_AN_OBSERVER__+0xc
C  [CoreFoundation+0x9717a]  _CFXRegistrationPost+0x1ba
C  [CoreFoundation+0x96ec2]  ___CFXNotificationPost_block_invoke+0x32
C  [CoreFoundation+0x55af2]  -[_CFXNotificationRegistrar find:object:observer:enumerator:]+0x722
C  [CoreFoundation+0x54b8c]  _CFXNotificationPost+0x28c
C  [Foundation+0x6467]  -[NSNotificationCenter postNotificationName:object:userInfo:]+0x42
C  [AppKit+0x45768b]  -[NSApplication _doHideMaybeFakingIt:]+0x111
C  [AppKit+0x1ae371]  _hideShowHandler+0x76
C  [HIToolbox+0x8814]  DispatchEventToHandlers(EventTargetRec*, OpaqueEventRef*, HandlerCallRec*)+0x605
C  [HIToolbox+0x7b5d]  SendEventToEventTargetInternal(OpaqueEventRef*, OpaqueEventTargetRef*, HandlerCallRec*)+0x176
C  [HIToolbox+0x1ce61]  SendEventToEventTarget+0x27
C  [AppKit+0x42419]  _DPSNextEvent+0xcdf
C  [AppKit+0x7d7b4c]  -[NSApplication(NSEvent) _nextEventMatchingEventMask:untilDate:inMode:dequeue:]+0xbe4
C  [AppKit+0x36d6d]  -[NSApplication run]+0x2fc
C  [libosxapp.dylib+0x214d]  +[NSApplicationAWT runAWTLoopWithApp:]+0x9c
C  [libawt_lwawt.dylib+0x444b3]  -[AWTStarter starter:]+0x389
C  [Foundation+0x681c5]  __NSThreadPerformPerform+0x14e
C  [CoreFoundation+0x9fa21]  __CFRUNLOOP_IS_CALLING_OUT_TO_A_SOURCE0_PERFORM_FUNCTION__+0x11
C  [CoreFoundation+0x15726c]  __CFRunLoopDoSource0+0x6c
C  [CoreFoundation+0x82ab0]  __CFRunLoopDoSources0+0xd0
C  [CoreFoundation+0x81f2d]  __CFRunLoopRun+0x50d
C  [CoreFoundation+0x81787]  CFRunLoopRunSpecific+0x1e7
C  [java+0x6465]  CreateExecutionEnvironment+0x367
C  [java+0x218c]  JLI_Launch+0x7a0
C  [java+0x84c2]  main+0x65
C  [java+0x19e4]  start+0x34


---------------  P R O C E S S  ---------------

VM state:not at safepoint (normal execution)

VM Mutex/Monitor currently owned by a thread: None

Heap:
 PSYoungGen      total 76288K, used 60077K [0x000000076ab00000, 0x0000000770000000, 0x00000007c0000000)
  eden space 65536K, 91% used [0x000000076ab00000,0x000000076e5ab658,0x000000076eb00000)
  from space 10752K, 0% used [0x000000076f580000,0x000000076f580000,0x0000000770000000)
  to   space 10752K, 0% used [0x000000076eb00000,0x000000076eb00000,0x000000076f580000)
 ParOldGen       total 175104K, used 0K [0x00000006c0000000, 0x00000006cab00000, 0x000000076ab00000)
  object space 175104K, 0% used [0x00000006c0000000,0x00000006c0000000,0x00000006cab00000)
 Metaspace       used 16979K, capacity 17530K, committed 17792K, reserved 1064960K
  class space    used 2213K, capacity 2362K, committed 2432K, reserved 1048576K

Card table byte_map: [0x0000000107631000,0x0000000107e32000] byte_map_base: 0x0000000104031000

Marking Bits: (ParMarkBitMap*) 0x0000000105acbd20
 Begin Bits: [0x0000000108388000, 0x000000010c388000)
 End Bits:   [0x000000010c388000, 0x0000000110388000)

Polling page: 0x00000001061be000

CodeCache: size=245760Kb used=4041Kb max_used=4041Kb free=241718Kb
 bounds [0x000000011401f000, 0x000000011441f000, 0x000000012301f000]
 total_blobs=1782 nmethods=1091 adapters=605
 compilation: enabled

Compilation events (10 events):
Event: 12.660 Thread 0x00007f98ca021800 1088       3       java.util.Properties::getProperty (46 bytes)
Event: 12.661 Thread 0x00007f98ca021800 nmethod 1088 0x000000011440f450 code [0x000000011440f5e0, 0x000000011440faf8]
Event: 12.661 Thread 0x00007f98ca021800 1089   !   3       java.util.Collections$SynchronizedCollection::add (25 bytes)
Event: 12.661 Thread 0x00007f98ca021800 nmethod 1089 0x000000011440edd0 code [0x000000011440ef40, 0x000000011440f308]
Event: 12.662 Thread 0x00007f98ca021800 1090       3       sun.misc.Launcher$AppClassLoader::loadClass (85 bytes)
Event: 12.663 Thread 0x00007f98ca021800 nmethod 1090 0x00000001144119d0 code [0x0000000114411c00, 0x0000000114412928]
Event: 12.663 Thread 0x00007f98ca021800 1091  s    3       sun.misc.URLClassPath::knownToNotExist (24 bytes)
Event: 12.663 Thread 0x00007f98ca021800 nmethod 1091 0x000000011440e7d0 code [0x000000011440e940, 0x000000011440ed08]
Event: 12.667 Thread 0x00007f98ca021800 1092       3       java.io.File::exists (43 bytes)
Event: 12.667 Thread 0x00007f98ca021800 nmethod 1092 0x0000000114413410 code [0x00000001144135c0, 0x0000000114413a48]

GC Heap History (0 events):
No events

Deoptimization events (10 events):
Event: 2.873 Thread 0x00007f98cc111000 Uncommon trap: reason=class_check action=maybe_recompile pc=0x0000000114275e84 method=java.io.DataInputStream.readShort()S @ 4
Event: 2.879 Thread 0x00007f98cc111000 Uncommon trap: reason=class_check action=maybe_recompile pc=0x0000000114134fcc method=java.lang.String.equals(Ljava/lang/Object;)Z @ 8
Event: 2.879 Thread 0x00007f98cc111000 Uncommon trap: reason=class_check action=maybe_recompile pc=0x0000000114134fcc method=java.lang.String.equals(Ljava/lang/Object;)Z @ 8
Event: 2.879 Thread 0x00007f98cc111000 Uncommon trap: reason=class_check action=maybe_recompile pc=0x0000000114134fcc method=java.lang.String.equals(Ljava/lang/Object;)Z @ 8
Event: 3.161 Thread 0x00007f98cc111000 Uncommon trap: reason=unstable_if action=reinterpret pc=0x000000011425ebe0 method=java.lang.CharacterData.of(I)Ljava/lang/CharacterData; @ 4
Event: 3.208 Thread 0x00007f98cc111000 Uncommon trap: reason=unstable_if action=reinterpret pc=0x00000001142fcd84 method=java.util.HashMap.putVal(ILjava/lang/Object;Ljava/lang/Object;ZZ)Ljava/lang/Object; @ 193
Event: 3.209 Thread 0x00007f98cc111000 Uncommon trap: reason=class_check action=maybe_recompile pc=0x0000000114134fcc method=java.lang.String.equals(Ljava/lang/Object;)Z @ 8
Event: 8.305 Thread 0x00007f98ca02a000 Uncommon trap: reason=predicate action=maybe_recompile pc=0x00000001142a9184 method=sun.net.www.ParseUtil.encodePath(Ljava/lang/String;Z)Ljava/lang/String; @ 36
Event: 8.342 Thread 0x00007f98c91d9800 Uncommon trap: reason=unstable_if action=reinterpret pc=0x00000001142c378c method=java.lang.String.indexOf([CII[CIII)I @ 3
Event: 8.804 Thread 0x00007f98c91d9800 Uncommon trap: reason=unstable_if action=reinterpret pc=0x00000001143d8448 method=java.util.zip.InflaterInputStream.read([BII)I @ 69

Internal exceptions (10 events):
Event: 0.329 Thread 0x00007f98ca002000 Exception <a 'java/security/PrivilegedActionException'> (0x000000076b116420) thrown at [/HUDSON3/workspace/8-2-build-macosx-x86_64/jdk8u101/7261/hotspot/src/share/vm/prims/jvm.cpp, line 1386]
Event: 0.329 Thread 0x00007f98ca002000 Exception <a 'java/lang/NullPointerException'> (0x000000076b117040) thrown at [/HUDSON3/workspace/8-2-build-macosx-x86_64/jdk8u101/7261/hotspot/src/share/vm/interpreter/linkResolver.cpp, line 1178]
Event: 2.522 Thread 0x00007f98cc111000 Exception <a 'java/lang/NullPointerException'> (0x000000076c11ea38) thrown at [/HUDSON3/workspace/8-2-build-macosx-x86_64/jdk8u101/7261/hotspot/src/share/vm/interpreter/linkResolver.cpp, line 1178]
Event: 2.522 Thread 0x00007f98cc111000 Exception <a 'java/lang/NullPointerException'> (0x000000076c11ea38) thrown at [/HUDSON3/workspace/8-2-build-macosx-x86_64/jdk8u101/7261/hotspot/src/share/vm/prims/jvm.cpp, line 1390]
Event: 2.592 Thread 0x00007f98cc111000 Exception <a 'java/lang/ArrayIndexOutOfBoundsException': 78> (0x000000076c3a6fa8) thrown at [/HUDSON3/workspace/8-2-build-macosx-x86_64/jdk8u101/7261/hotspot/src/share/vm/interpreter/interpreterRuntime.cpp, line 366]
Event: 2.592 Thread 0x00007f98cc111000 Exception <a 'java/lang/ArrayIndexOutOfBoundsException': 18> (0x000000076c3abc90) thrown at [/HUDSON3/workspace/8-2-build-macosx-x86_64/jdk8u101/7261/hotspot/src/share/vm/interpreter/interpreterRuntime.cpp, line 366]
Event: 2.593 Thread 0x00007f98cc111000 Exception <a 'java/lang/ArrayIndexOutOfBoundsException': 86> (0x000000076c3adb38) thrown at [/HUDSON3/workspace/8-2-build-macosx-x86_64/jdk8u101/7261/hotspot/src/share/vm/interpreter/interpreterRuntime.cpp, line 366]
Event: 2.596 Thread 0x00007f98cc111000 Exception <a 'java/lang/ArrayIndexOutOfBoundsException'> (0x000000076c3c4720) thrown at [/HUDSON3/workspace/8-2-build-macosx-x86_64/jdk8u101/7261/hotspot/src/share/vm/runtime/sharedRuntime.cpp, line 605]
Event: 2.676 Thread 0x00007f98cc111000 Exception <a 'java/lang/ArrayIndexOutOfBoundsException'> (0x000000076c6cdf30) thrown at [/HUDSON3/workspace/8-2-build-macosx-x86_64/jdk8u101/7261/hotspot/src/share/vm/runtime/sharedRuntime.cpp, line 605]
Event: 2.707 Thread 0x00007f98cc111000 Exception <a 'java/io/FileNotFoundException'> (0x000000076c797ba0) thrown at [/HUDSON3/workspace/8-2-build-macosx-x86_64/jdk8u101/7261/hotspot/src/share/vm/prims/jni.cpp, line 709]

Events (10 events):
Event: 12.683 loading class java/lang/ProcessEnvironment$Variable
Event: 12.683 loading class java/lang/ProcessEnvironment$ExternalData
Event: 12.683 loading class java/lang/ProcessEnvironment$ExternalData done
Event: 12.683 loading class java/lang/ProcessEnvironment$Variable done
Event: 12.683 loading class java/lang/ProcessEnvironment$Value
Event: 12.683 loading class java/lang/ProcessEnvironment$Value done
Event: 12.683 loading class java/lang/ProcessEnvironment$StringEnvironment
Event: 12.683 loading class java/lang/ProcessEnvironment$StringEnvironment done
Event: 12.683 loading class java/util/Collections$UnmodifiableMap
Event: 12.683 loading class java/util/Collections$UnmodifiableMap done


Dynamic libraries:
0x000000001f52e000 	/System/Library/Frameworks/Cocoa.framework/Versions/A/Cocoa
0x000000001f52e000 	/System/Library/Frameworks/Security.framework/Versions/A/Security
0x000000001f52e000 	/System/Library/Frameworks/ApplicationServices.framework/Versions/A/ApplicationServices
0x000000001f52e000 	/usr/lib/libz.1.dylib
0x000000001f52e000 	/usr/lib/libSystem.B.dylib
0x000000001f52e000 	/usr/lib/libobjc.A.dylib
0x000000001f52e000 	/System/Library/Frameworks/CoreFoundation.framework/Versions/A/CoreFoundation
0x000000001f52e000 	/System/Library/Frameworks/Foundation.framework/Versions/C/Foundation
0x000000001f52e000 	/System/Library/Frameworks/AppKit.framework/Versions/C/AppKit
0x000000001f52e000 	/System/Library/Frameworks/CoreData.framework/Versions/A/CoreData
0x000000001f52e000 	/System/Library/PrivateFrameworks/RemoteViewServices.framework/Versions/A/RemoteViewServices
0x000000001f52e000 	/System/Library/PrivateFrameworks/UIFoundation.framework/Versions/A/UIFoundation
0x000000001f52e000 	/System/Library/PrivateFrameworks/DFRFoundation.framework/Versions/A/DFRFoundation
0x000000001f52e000 	/System/Library/Frameworks/Metal.framework/Versions/A/Metal
0x000000001f52e000 	/System/Library/PrivateFrameworks/DesktopServicesPriv.framework/Versions/A/DesktopServicesPriv
0x000000001f52e000 	/usr/lib/libenergytrace.dylib
0x000000001f52e000 	/System/Library/PrivateFrameworks/SkyLight.framework/Versions/A/SkyLight
0x000000001f52e000 	/System/Library/Frameworks/CoreGraphics.framework/Versions/A/CoreGraphics
0x000000001f52e000 	/usr/lib/libScreenReader.dylib
0x000000001f52e000 	/System/Library/Frameworks/Accelerate.framework/Versions/A/Accelerate
0x000000001f52e000 	/System/Library/Frameworks/IOSurface.framework/Versions/A/IOSurface
0x000000001f52e000 	/System/Library/Frameworks/AudioToolbox.framework/Versions/A/AudioToolbox
0x000000001f52e000 	/System/Library/Frameworks/AudioUnit.framework/Versions/A/AudioUnit
0x000000001f52e000 	/System/Library/PrivateFrameworks/DataDetectorsCore.framework/Versions/A/DataDetectorsCore
0x000000001f52e000 	/System/Library/Frameworks/Carbon.framework/Versions/A/Frameworks/HIToolbox.framework/Versions/A/HIToolbox
0x000000001f52e000 	/usr/lib/libicucore.A.dylib
0x000000001f52e000 	/System/Library/Frameworks/QuartzCore.framework/Versions/A/QuartzCore
0x000000001f52e000 	/System/Library/Frameworks/Carbon.framework/Versions/A/Frameworks/SpeechRecognition.framework/Versions/A/SpeechRecognition
0x000000001f52e000 	/usr/lib/libauto.dylib
0x000000001f52e000 	/usr/lib/libxml2.2.dylib
0x000000001f52e000 	/System/Library/PrivateFrameworks/CoreUI.framework/Versions/A/CoreUI
0x000000001f52e000 	/System/Library/Frameworks/CoreAudio.framework/Versions/A/CoreAudio
0x000000001f52e000 	/System/Library/Frameworks/DiskArbitration.framework/Versions/A/DiskArbitration
0x000000001f52e000 	/usr/lib/liblangid.dylib
0x000000001f52e000 	/System/Library/PrivateFrameworks/MultitouchSupport.framework/Versions/A/MultitouchSupport
0x000000001f52e000 	/System/Library/Frameworks/IOKit.framework/Versions/A/IOKit
0x000000001f52e000 	/usr/lib/libDiagnosticMessagesClient.dylib
0x000000001f52e000 	/System/Library/Frameworks/CoreServices.framework/Versions/A/CoreServices
0x000000001f52e000 	/System/Library/PrivateFrameworks/PerformanceAnalysis.framework/Versions/A/PerformanceAnalysis
0x000000001f52e000 	/System/Library/Frameworks/OpenGL.framework/Versions/A/OpenGL
0x000000001f52e000 	/System/Library/Frameworks/ColorSync.framework/Versions/A/ColorSync
0x000000001f52e000 	/System/Library/Frameworks/CoreImage.framework/Versions/A/CoreImage
0x000000001f52e000 	/System/Library/Frameworks/CoreText.framework/Versions/A/CoreText
0x000000001f52e000 	/System/Library/Frameworks/ImageIO.framework/Versions/A/ImageIO
0x000000001f52e000 	/System/Library/PrivateFrameworks/Backup.framework/Versions/A/Backup
0x000000001f52e000 	/usr/lib/libarchive.2.dylib
0x000000001f52e000 	/System/Library/Frameworks/CFNetwork.framework/Versions/A/CFNetwork
0x000000001f52e000 	/System/Library/Frameworks/SystemConfiguration.framework/Versions/A/SystemConfiguration
0x000000001f52e000 	/usr/lib/libCRFSuite.dylib
0x000000001f52e000 	/usr/lib/libc++.1.dylib
0x000000001f52e000 	/usr/lib/libc++abi.dylib
0x000000001f52e000 	/usr/lib/system/libcache.dylib
0x000000001f52e000 	/usr/lib/system/libcommonCrypto.dylib
0x000000001f52e000 	/usr/lib/system/libcompiler_rt.dylib
0x000000001f52e000 	/usr/lib/system/libcopyfile.dylib
0x000000001f52e000 	/usr/lib/system/libcorecrypto.dylib
0x000000001f52e000 	/usr/lib/system/libdispatch.dylib
0x000000001f52e000 	/usr/lib/system/libdyld.dylib
0x000000001f52e000 	/usr/lib/system/libkeymgr.dylib
0x000000001f52e000 	/usr/lib/system/liblaunch.dylib
0x000000001f52e000 	/usr/lib/system/libmacho.dylib
0x000000001f52e000 	/usr/lib/system/libquarantine.dylib
0x000000001f52e000 	/usr/lib/system/libremovefile.dylib
0x000000001f52e000 	/usr/lib/system/libsystem_asl.dylib
0x000000001f52e000 	/usr/lib/system/libsystem_blocks.dylib
0x000000001f52e000 	/usr/lib/system/libsystem_c.dylib
0x000000001f52e000 	/usr/lib/system/libsystem_configuration.dylib
0x000000001f52e000 	/usr/lib/system/libsystem_coreservices.dylib
0x000000001f52e000 	/usr/lib/system/libsystem_darwin.dylib
0x000000001f52e000 	/usr/lib/system/libsystem_dnssd.dylib
0x000000001f52e000 	/usr/lib/system/libsystem_info.dylib
0x000000001f52e000 	/usr/lib/system/libsystem_m.dylib
0x000000001f52e000 	/usr/lib/system/libsystem_malloc.dylib
0x000000001f52e000 	/usr/lib/system/libsystem_network.dylib
0x000000001f52e000 	/usr/lib/system/libsystem_networkextension.dylib
0x000000001f52e000 	/usr/lib/system/libsystem_notify.dylib
0x000000001f52e000 	/usr/lib/system/libsystem_sandbox.dylib
0x000000001f52e000 	/usr/lib/system/libsystem_secinit.dylib
0x000000001f52e000 	/usr/lib/system/libsystem_kernel.dylib
0x000000001f52e000 	/usr/lib/system/libsystem_platform.dylib
0x000000001f52e000 	/usr/lib/system/libsystem_pthread.dylib
0x000000001f52e000 	/usr/lib/system/libsystem_symptoms.dylib
0x000000001f52e000 	/usr/lib/system/libsystem_trace.dylib
0x000000001f52e000 	/usr/lib/system/libunwind.dylib
0x000000001f52e000 	/usr/lib/system/libxpc.dylib
0x000000001f52e000 	/usr/lib/closure/libclosured.dylib
0x000000001f52e000 	/usr/lib/libbsm.0.dylib
0x000000001f52e000 	/usr/lib/system/libkxld.dylib
0x000000001f52e000 	/usr/lib/libOpenScriptingUtil.dylib
0x000000001f52e000 	/usr/lib/libcoretls.dylib
0x000000001f52e000 	/usr/lib/libcoretls_cfhelpers.dylib
0x000000001f52e000 	/usr/lib/libpam.2.dylib
0x000000001f52e000 	/usr/lib/libsqlite3.dylib
0x000000001f52e000 	/usr/lib/libxar.1.dylib
0x000000001f52e000 	/usr/lib/libbz2.1.0.dylib
0x000000001f52e000 	/usr/lib/liblzma.5.dylib
0x000000001f52e000 	/usr/lib/libnetwork.dylib
0x000000001f52e000 	/usr/lib/libapple_nghttp2.dylib
0x000000001f52e000 	/usr/lib/libpcap.A.dylib
0x000000001f52e000 	/usr/lib/libboringssl.dylib
0x000000001f52e000 	/usr/lib/libusrtcp.dylib
0x000000001f52e000 	/usr/lib/libapple_crypto.dylib
0x000000001f52e000 	/System/Library/Frameworks/CoreServices.framework/Versions/A/Frameworks/FSEvents.framework/Versions/A/FSEvents
0x000000001f52e000 	/System/Library/Frameworks/CoreServices.framework/Versions/A/Frameworks/CarbonCore.framework/Versions/A/CarbonCore
0x000000001f52e000 	/System/Library/Frameworks/CoreServices.framework/Versions/A/Frameworks/Metadata.framework/Versions/A/Metadata
0x000000001f52e000 	/System/Library/Frameworks/CoreServices.framework/Versions/A/Frameworks/OSServices.framework/Versions/A/OSServices
0x000000001f52e000 	/System/Library/Frameworks/CoreServices.framework/Versions/A/Frameworks/SearchKit.framework/Versions/A/SearchKit
0x000000001f52e000 	/System/Library/Frameworks/CoreServices.framework/Versions/A/Frameworks/AE.framework/Versions/A/AE
0x000000001f52e000 	/System/Library/Frameworks/CoreServices.framework/Versions/A/Frameworks/LaunchServices.framework/Versions/A/LaunchServices
0x000000001f52e000 	/System/Library/Frameworks/CoreServices.framework/Versions/A/Frameworks/DictionaryServices.framework/Versions/A/DictionaryServices
0x000000001f52e000 	/System/Library/Frameworks/CoreServices.framework/Versions/A/Frameworks/SharedFileList.framework/Versions/A/SharedFileList
0x000000001f52e000 	/System/Library/Frameworks/NetFS.framework/Versions/A/NetFS
0x000000001f52e000 	/System/Library/PrivateFrameworks/NetAuth.framework/Versions/A/NetAuth
0x000000001f52e000 	/System/Library/PrivateFrameworks/login.framework/Versions/A/Frameworks/loginsupport.framework/Versions/A/loginsupport
0x000000001f52e000 	/System/Library/PrivateFrameworks/TCC.framework/Versions/A/TCC
0x000000001f52e000 	/usr/lib/libmecabra.dylib
0x000000001f52e000 	/System/Library/Frameworks/ApplicationServices.framework/Versions/A/Frameworks/ATS.framework/Versions/A/ATS
0x000000001f52e000 	/System/Library/Frameworks/ApplicationServices.framework/Versions/A/Frameworks/ColorSyncLegacy.framework/Versions/A/ColorSyncLegacy
0x000000001f52e000 	/System/Library/Frameworks/ApplicationServices.framework/Versions/A/Frameworks/HIServices.framework/Versions/A/HIServices
0x000000001f52e000 	/System/Library/Frameworks/ApplicationServices.framework/Versions/A/Frameworks/LangAnalysis.framework/Versions/A/LangAnalysis
0x000000001f52e000 	/System/Library/Frameworks/ApplicationServices.framework/Versions/A/Frameworks/PrintCore.framework/Versions/A/PrintCore
0x000000001f52e000 	/System/Library/Frameworks/ApplicationServices.framework/Versions/A/Frameworks/QD.framework/Versions/A/QD
0x000000001f52e000 	/System/Library/Frameworks/ApplicationServices.framework/Versions/A/Frameworks/SpeechSynthesis.framework/Versions/A/SpeechSynthesis
0x000000001f52e000 	/System/Library/Frameworks/CoreDisplay.framework/Versions/A/CoreDisplay
0x000000001f52e000 	/System/Library/Frameworks/Accelerate.framework/Versions/A/Frameworks/vImage.framework/Versions/A/vImage
0x000000001f52e000 	/System/Library/Frameworks/Accelerate.framework/Versions/A/Frameworks/vecLib.framework/Versions/A/vecLib
0x000000001f52e000 	/System/Library/Frameworks/Accelerate.framework/Versions/A/Frameworks/vecLib.framework/Versions/A/libvDSP.dylib
0x000000001f52e000 	/System/Library/Frameworks/Accelerate.framework/Versions/A/Frameworks/vecLib.framework/Versions/A/libBNNS.dylib
0x000000001f52e000 	/System/Library/Frameworks/Accelerate.framework/Versions/A/Frameworks/vecLib.framework/Versions/A/libQuadrature.dylib
0x000000001f52e000 	/System/Library/Frameworks/Accelerate.framework/Versions/A/Frameworks/vecLib.framework/Versions/A/libvMisc.dylib
0x000000001f52e000 	/System/Library/Frameworks/Accelerate.framework/Versions/A/Frameworks/vecLib.framework/Versions/A/libLAPACK.dylib
0x000000001f52e000 	/System/Library/Frameworks/Accelerate.framework/Versions/A/Frameworks/vecLib.framework/Versions/A/libBLAS.dylib
0x000000001f52e000 	/System/Library/Frameworks/Accelerate.framework/Versions/A/Frameworks/vecLib.framework/Versions/A/libLinearAlgebra.dylib
0x000000001f52e000 	/System/Library/Frameworks/Accelerate.framework/Versions/A/Frameworks/vecLib.framework/Versions/A/libSparse.dylib
0x000000001f52e000 	/System/Library/Frameworks/Accelerate.framework/Versions/A/Frameworks/vecLib.framework/Versions/A/libSparseBLAS.dylib
0x000000001f52e000 	/System/Library/PrivateFrameworks/IOAccelerator.framework/Versions/A/IOAccelerator
0x000000001f52e000 	/System/Library/PrivateFrameworks/IOPresentment.framework/Versions/A/IOPresentment
0x000000001f52e000 	/System/Library/PrivateFrameworks/DSExternalDisplay.framework/Versions/A/DSExternalDisplay
0x000000001f52e000 	/System/Library/Frameworks/OpenGL.framework/Versions/A/Libraries/libCoreFSCache.dylib
0x000000001f52e000 	/System/Library/Frameworks/CoreVideo.framework/Versions/A/CoreVideo
0x000000001f52e000 	/System/Library/PrivateFrameworks/GraphVisualizer.framework/Versions/A/GraphVisualizer
0x000000001f52e000 	/System/Library/Frameworks/MetalPerformanceShaders.framework/Versions/A/MetalPerformanceShaders
0x000000001f52e000 	/usr/lib/libFosl_dynamic.dylib
0x000000001f52e000 	/System/Library/PrivateFrameworks/FaceCore.framework/Versions/A/FaceCore
0x000000001f52e000 	/System/Library/Frameworks/OpenCL.framework/Versions/A/OpenCL
0x000000001f52e000 	/usr/lib/libcompression.dylib
0x000000001f52e000 	/System/Library/Frameworks/ApplicationServices.framework/Versions/A/Frameworks/ATS.framework/Versions/A/Resources/libFontParser.dylib
0x000000001f52e000 	/System/Library/Frameworks/ApplicationServices.framework/Versions/A/Frameworks/ATS.framework/Versions/A/Resources/libFontRegistry.dylib
0x000000001f52e000 	/System/Library/Frameworks/ImageIO.framework/Versions/A/Resources/libJPEG.dylib
0x000000001f52e000 	/System/Library/Frameworks/ImageIO.framework/Versions/A/Resources/libTIFF.dylib
0x000000001f52e000 	/System/Library/Frameworks/ImageIO.framework/Versions/A/Resources/libPng.dylib
0x000000001f52e000 	/System/Library/Frameworks/ImageIO.framework/Versions/A/Resources/libGIF.dylib
0x000000001f52e000 	/System/Library/Frameworks/ImageIO.framework/Versions/A/Resources/libJP2.dylib
0x000000001f52e000 	/System/Library/Frameworks/ImageIO.framework/Versions/A/Resources/libRadiance.dylib
0x000000001f52e000 	/System/Library/PrivateFrameworks/AppleJPEG.framework/Versions/A/AppleJPEG
0x000000001f52e000 	/System/Library/PrivateFrameworks/MetalTools.framework/Versions/A/MetalTools
0x000000001f52e000 	/System/Library/Frameworks/MetalPerformanceShaders.framework/Frameworks/MPSCore.framework/Versions/A/MPSCore
0x000000001f52e000 	/System/Library/Frameworks/MetalPerformanceShaders.framework/Frameworks/MPSImage.framework/Versions/A/MPSImage
0x000000001f52e000 	/System/Library/Frameworks/MetalPerformanceShaders.framework/Frameworks/MPSMatrix.framework/Versions/A/MPSMatrix
0x000000001f52e000 	/System/Library/Frameworks/MetalPerformanceShaders.framework/Frameworks/MPSNeuralNetwork.framework/Versions/A/MPSNeuralNetwork
0x000000001f52e000 	/System/Library/Frameworks/OpenGL.framework/Versions/A/Libraries/libGLU.dylib
0x000000001f52e000 	/System/Library/Frameworks/OpenGL.framework/Versions/A/Libraries/libGFXShared.dylib
0x000000001f52e000 	/System/Library/Frameworks/OpenGL.framework/Versions/A/Libraries/libGL.dylib
0x000000001f52e000 	/System/Library/Frameworks/OpenGL.framework/Versions/A/Libraries/libGLImage.dylib
0x000000001f52e000 	/System/Library/Frameworks/OpenGL.framework/Versions/A/Libraries/libCVMSPluginSupport.dylib
0x000000001f52e000 	/System/Library/Frameworks/OpenGL.framework/Versions/A/Libraries/libCoreVMClient.dylib
0x000000001f52e000 	/usr/lib/libcups.2.dylib
0x000000001f52e000 	/System/Library/Frameworks/Kerberos.framework/Versions/A/Kerberos
0x000000001f52e000 	/System/Library/Frameworks/GSS.framework/Versions/A/GSS
0x000000001f52e000 	/usr/lib/libresolv.9.dylib
0x000000001f52e000 	/usr/lib/libiconv.2.dylib
0x000000001f52e000 	/System/Library/PrivateFrameworks/Heimdal.framework/Versions/A/Heimdal
0x000000001f52e000 	/usr/lib/libheimdal-asn1.dylib
0x000000001f52e000 	/System/Library/Frameworks/OpenDirectory.framework/Versions/A/OpenDirectory
0x000000001f52e000 	/System/Library/PrivateFrameworks/CommonAuth.framework/Versions/A/CommonAuth
0x000000001f52e000 	/System/Library/Frameworks/OpenDirectory.framework/Versions/A/Frameworks/CFOpenDirectory.framework/Versions/A/CFOpenDirectory
0x000000001f52e000 	/System/Library/Frameworks/SecurityFoundation.framework/Versions/A/SecurityFoundation
0x000000001f52e000 	/System/Library/PrivateFrameworks/APFS.framework/Versions/A/APFS
0x000000001f52e000 	/usr/lib/libutil.dylib
0x000000001f52e000 	/System/Library/PrivateFrameworks/AppleSauce.framework/Versions/A/AppleSauce
0x000000001f52e000 	/System/Library/PrivateFrameworks/LinguisticData.framework/Versions/A/LinguisticData
0x000000001f52e000 	/usr/lib/libmarisa.dylib
0x000000001f52e000 	/System/Library/PrivateFrameworks/Lexicon.framework/Versions/A/Lexicon
0x000000001f52e000 	/usr/lib/libChineseTokenizer.dylib
0x000000001f52e000 	/usr/lib/libcmph.dylib
0x000000001f52e000 	/System/Library/PrivateFrameworks/LanguageModeling.framework/Versions/A/LanguageModeling
0x000000001f52e000 	/System/Library/PrivateFrameworks/CoreEmoji.framework/Versions/A/CoreEmoji
0x000000001f52e000 	/System/Library/Frameworks/ServiceManagement.framework/Versions/A/ServiceManagement
0x000000001f52e000 	/System/Library/PrivateFrameworks/BackgroundTaskManagement.framework/Versions/A/BackgroundTaskManagement
0x000000001f52e000 	/usr/lib/libxslt.1.dylib
0x000000001f52e000 	/System/Library/Frameworks/Carbon.framework/Versions/A/Frameworks/Ink.framework/Versions/A/Ink
0x000000001f52e000 	/System/Library/PrivateFrameworks/TextureIO.framework/Versions/A/TextureIO
0x000000001f52e000 	/usr/lib/libate.dylib
0x000000001f52e000 	/System/Library/PrivateFrameworks/CrashReporterSupport.framework/Versions/A/CrashReporterSupport
0x000000001f52e000 	/System/Library/PrivateFrameworks/Sharing.framework/Versions/A/Sharing
0x000000001f52e000 	/System/Library/PrivateFrameworks/IconServices.framework/Versions/A/IconServices
0x000000001f52e000 	/System/Library/PrivateFrameworks/ProtocolBuffer.framework/Versions/A/ProtocolBuffer
0x000000001f52e000 	/System/Library/PrivateFrameworks/Apple80211.framework/Versions/A/Apple80211
0x000000001f52e000 	/System/Library/Frameworks/CoreWLAN.framework/Versions/A/CoreWLAN
0x000000001f52e000 	/System/Library/PrivateFrameworks/CoreUtils.framework/Versions/A/CoreUtils
0x000000001f52e000 	/System/Library/Frameworks/IOBluetooth.framework/Versions/A/IOBluetooth
0x000000001f52e000 	/System/Library/PrivateFrameworks/CoreWiFi.framework/Versions/A/CoreWiFi
0x000000001f52e000 	/System/Library/Frameworks/CoreBluetooth.framework/Versions/A/CoreBluetooth
0x000000001f52e000 	/System/Library/PrivateFrameworks/SignpostNotification.framework/Versions/A/SignpostNotification
0x000000001f52e000 	/System/Library/PrivateFrameworks/DebugSymbols.framework/Versions/A/DebugSymbols
0x000000001f52e000 	/System/Library/PrivateFrameworks/CoreSymbolication.framework/Versions/A/CoreSymbolication
0x000000001f52e000 	/System/Library/PrivateFrameworks/Symbolication.framework/Versions/A/Symbolication
0x000000001f52e000 	/System/Library/PrivateFrameworks/AppleFSCompression.framework/Versions/A/AppleFSCompression
0x000000001f52e000 	/System/Library/PrivateFrameworks/SpeechRecognitionCore.framework/Versions/A/SpeechRecognitionCore
0x00000001051de000 	/Library/Java/JavaVirtualMachines/jdk1.8.0_101.jdk/Contents/Home/jre/lib/server/libjvm.dylib
0x000000001f52e000 	/usr/lib/libstdc++.6.0.9.dylib
0x000000010617b000 	/Library/Java/JavaVirtualMachines/jdk1.8.0_101.jdk/Contents/Home/jre/lib/libverify.dylib
0x0000000106189000 	/Library/Java/JavaVirtualMachines/jdk1.8.0_101.jdk/Contents/Home/jre/lib/libjava.dylib
0x00000001061bf000 	/Library/Java/JavaVirtualMachines/jdk1.8.0_101.jdk/Contents/Home/jre/lib/libinstrument.dylib
0x00000001061ec000 	/Library/Java/JavaVirtualMachines/jdk1.8.0_101.jdk/Contents/Home/jre/lib/libzip.dylib
0x000000001f52e000 	/System/Library/Frameworks/JavaVM.framework/Versions/A/Frameworks/JavaRuntimeSupport.framework/Versions/A/JavaRuntimeSupport
0x000000001f52e000 	/System/Library/Frameworks/JavaVM.framework/Versions/A/Frameworks/JavaNativeFoundation.framework/Versions/A/JavaNativeFoundation
0x000000001f52e000 	/System/Library/Frameworks/JavaVM.framework/Versions/A/JavaVM
0x000000001f52e000 	/System/Library/Frameworks/Carbon.framework/Versions/A/Carbon
0x000000001f52e000 	/System/Library/PrivateFrameworks/JavaLaunching.framework/Versions/A/JavaLaunching
0x000000001f52e000 	/System/Library/Frameworks/Carbon.framework/Versions/A/Frameworks/CommonPanels.framework/Versions/A/CommonPanels
0x000000001f52e000 	/System/Library/Frameworks/Carbon.framework/Versions/A/Frameworks/Help.framework/Versions/A/Help
0x000000001f52e000 	/System/Library/Frameworks/Carbon.framework/Versions/A/Frameworks/ImageCapture.framework/Versions/A/ImageCapture
0x000000001f52e000 	/System/Library/Frameworks/Carbon.framework/Versions/A/Frameworks/OpenScripting.framework/Versions/A/OpenScripting
0x000000001f52e000 	/System/Library/Frameworks/Carbon.framework/Versions/A/Frameworks/Print.framework/Versions/A/Print
0x000000001f52e000 	/System/Library/Frameworks/Carbon.framework/Versions/A/Frameworks/SecurityHI.framework/Versions/A/SecurityHI
0x00000001134ca000 	/Library/Java/JavaVirtualMachines/jdk1.8.0_101.jdk/Contents/Home/jre/lib/libnet.dylib
0x00000001135bf000 	/Library/Java/JavaVirtualMachines/jdk1.8.0_101.jdk/Contents/Home/jre/lib/libprism_es2.dylib
0x000000001f52e000 	/System/Library/PrivateFrameworks/CoreServicesInternal.framework/Versions/A/CoreServicesInternal
0x000000001f52e000 	/System/Library/Frameworks/OpenGL.framework/Versions/A/Resources/GLEngine.bundle/GLEngine
0x000000001f52e000 	/System/Library/Frameworks/OpenGL.framework/Versions/A/Libraries/libGLProgrammability.dylib
0x0000000113669000 	/System/Library/Extensions/AppleIntelHD4000GraphicsGLDriver.bundle/Contents/MacOS/AppleIntelHD4000GraphicsGLDriver
0x000000001f52e000 	/System/Library/PrivateFrameworks/GPUSupport.framework/Versions/A/Libraries/libGPUSupportMercury.dylib
0x000000001f52e000 	/System/Library/Extensions/GeForceGLDriver.bundle/Contents/MacOS/GeForceGLDriver
0x000000001f52e000 	/System/Library/Extensions/GeForceGLDriver.bundle/Contents/MacOS/libclh.dylib
0x000000001f52e000 	/System/Library/Frameworks/OpenGL.framework/Versions/A/Resources/GLRendererFloat.bundle/GLRendererFloat
0x000000001f52e000 	/System/Library/Frameworks/OpenCL.framework/Versions/A/Libraries/libcldcpuengine.dylib
0x000000001f52e000 	/usr/lib/libcrypto.35.dylib
0x000000001f52e000 	/System/Library/PrivateFrameworks/TrustEvaluationAgent.framework/Versions/A/TrustEvaluationAgent
0x0000000124c2b000 	/Library/Java/JavaVirtualMachines/jdk1.8.0_101.jdk/Contents/Home/jre/lib/libglass.dylib
0x000000001f52e000 	/System/Library/CoreServices/RawCamera.bundle/Contents/MacOS/RawCamera
0x000000001f52e000 	/System/Library/PrivateFrameworks/MobileAsset.framework/Versions/A/MobileAsset
0x000000001f52e000 	/System/Library/PrivateFrameworks/StreamingZip.framework/Versions/A/StreamingZip
0x000000001f52e000 	/System/Library/Frameworks/MediaToolbox.framework/Versions/A/MediaToolbox
0x000000001f52e000 	/System/Library/PrivateFrameworks/CoreAVCHD.framework/Versions/A/CoreAVCHD
0x000000001f52e000 	/System/Library/Frameworks/MediaAccessibility.framework/Versions/A/MediaAccessibility
0x000000001f52e000 	/System/Library/PrivateFrameworks/Mangrove.framework/Versions/A/Mangrove
0x000000001f52e000 	/System/Library/Frameworks/CoreMedia.framework/Versions/A/CoreMedia
0x000000001f52e000 	/System/Library/Frameworks/VideoToolbox.framework/Versions/A/VideoToolbox
0x000000001f52e000 	/System/Library/PrivateFrameworks/CoreAUC.framework/Versions/A/CoreAUC
0x000000001f52e000 	/usr/lib/libspindump.dylib
0x000000001f52e000 	/usr/lib/libdscsym.dylib
0x000000001f52e000 	/System/Library/PrivateFrameworks/AppleVA.framework/Versions/A/AppleVA
0x000000001f52e000 	/System/Library/Frameworks/Accelerate.framework/Versions/A/Frameworks/vImage.framework/Versions/A/Libraries/libCGInterfaces.dylib
0x000000001f52e000 	/System/Library/PrivateFrameworks/FamilyControls.framework/Versions/A/FamilyControls
0x000000001f52e000 	/System/Library/PrivateFrameworks/CommerceKit.framework/Versions/A/Frameworks/CommerceCore.framework/Versions/A/CommerceCore
0x000000001f52e000 	/System/Library/PrivateFrameworks/SystemAdministration.framework/Versions/A/SystemAdministration
0x000000001f52e000 	/System/Library/PrivateFrameworks/AppContainer.framework/Versions/A/AppContainer
0x000000001f52e000 	/System/Library/PrivateFrameworks/SecCodeWrapper.framework/Versions/A/SecCodeWrapper
0x000000001f52e000 	/System/Library/PrivateFrameworks/DiskManagement.framework/Versions/A/DiskManagement
0x000000001f52e000 	/System/Library/Frameworks/DirectoryService.framework/Versions/A/DirectoryService
0x000000001f52e000 	/System/Library/PrivateFrameworks/DiskImages.framework/Versions/A/DiskImages
0x000000001f52e000 	/System/Library/PrivateFrameworks/LoginUIKit.framework/Versions/A/Frameworks/LoginUICore.framework/Versions/A/LoginUICore
0x000000001f52e000 	/usr/lib/libCoreStorage.dylib
0x000000001f52e000 	/usr/lib/libcsfde.dylib
0x000000001f52e000 	/usr/lib/libodfde.dylib
0x000000001f52e000 	/System/Library/PrivateFrameworks/MediaKit.framework/Versions/A/MediaKit
0x000000001f52e000 	/System/Library/Frameworks/DiscRecording.framework/Versions/A/DiscRecording
0x000000001f52e000 	/System/Library/PrivateFrameworks/EFILogin.framework/Versions/A/EFILogin
0x000000001f52e000 	/System/Library/PrivateFrameworks/ProtectedCloudStorage.framework/Versions/A/ProtectedCloudStorage
0x000000001f52e000 	/usr/lib/libcurl.4.dylib
0x000000001f52e000 	/usr/lib/libssl.35.dylib
0x000000001f52e000 	/System/Library/Frameworks/LDAP.framework/Versions/A/LDAP
0x000000001f52e000 	/usr/lib/libsasl2.2.dylib
0x000000001f52e000 	/System/Library/PrivateFrameworks/CoreDaemon.framework/Versions/B/CoreDaemon
0x000000001f52e000 	/System/Library/PrivateFrameworks/AppleSRP.framework/Versions/A/AppleSRP
0x0000000127612000 	/Library/Java/JavaVirtualMachines/jdk1.8.0_101.jdk/Contents/Home/jre/lib/libjavafx_iio.dylib
0x0000000127850000 	/Library/Java/JavaVirtualMachines/jdk1.8.0_101.jdk/Contents/Home/jre/lib/libjavafx_font.dylib
0x000000001f52e000 	/System/Library/Frameworks/ApplicationServices.framework/Versions/A/Frameworks/ATS.framework/Versions/A/Resources/libTrueTypeScaler.dylib
0x000000001f52e000 	/System/Library/Extensions/AppleIntelHD4000GraphicsMTLDriver.bundle/Contents/MacOS/AppleIntelHD4000GraphicsMTLDriver
0x000000001f52e000 	/System/Library/Extensions/GeForceMTLDriver.bundle/Contents/MacOS/GeForceMTLDriver
0x000000001f52e000 	/System/Library/PrivateFrameworks/GPUCompiler.framework/Versions/3802/Libraries/libmetal_timestamp.dylib
0x000000012b559000 	/Library/Java/JavaVirtualMachines/jdk1.8.0_101.jdk/Contents/Home/jre/lib/libprism_common.dylib
0x000000001f52e000 	/System/Library/PrivateFrameworks/ViewBridge.framework/Versions/A/ViewBridge
0x000000012e359000 	/private/var/folders/rt/qpqn1v9x6w30xdftmqrsyz8w0000gn/T/xuggle/xuggle8447872153743422885.tmp
0x000000001f52e000 	/System/Library/Frameworks/VideoDecodeAcceleration.framework/Versions/A/VideoDecodeAcceleration
0x00000001286be000 	/Library/Java/JavaVirtualMachines/jdk1.8.0_101.jdk/Contents/Home/jre/lib/libawt.dylib
0x0000000128766000 	/Library/Java/JavaVirtualMachines/jdk1.8.0_101.jdk/Contents/Home/jre/lib/./libmlib_image.dylib
0x0000000128832000 	/Library/Java/JavaVirtualMachines/jdk1.8.0_101.jdk/Contents/Home/jre/lib/libawt_lwawt.dylib
0x0000000125b0e000 	/Library/Java/JavaVirtualMachines/jdk1.8.0_101.jdk/Contents/Home/jre/lib/./libosxapp.dylib
0x000000001f52e000 	/System/Library/Frameworks/ExceptionHandling.framework/Versions/A/ExceptionHandling

VM Arguments:
jvm_args: -javaagent:/Users/emilbonnekristiansen/Library/Application Support/JetBrains/Toolbox/apps/IDEA-U/ch-0/173.4548.28/IntelliJ IDEA.app/Contents/lib/idea_rt.jar=57456:/Users/emilbonnekristiansen/Library/Application Support/JetBrains/Toolbox/apps/IDEA-U/ch-0/173.4548.28/IntelliJ IDEA.app/Contents/bin -Dfile.encoding=UTF-8 
java_command: de.yadrone.apps.hoops.TestMain
java_class_path (initial): /Users/emilbonnekristiansen/Documents/repos/YADrone/YADrone/bin:/Library/Java/JavaVirtualMachines/jdk1.8.0_101.jdk/Contents/Home/jre/lib/charsets.jar:/Library/Java/JavaVirtualMachines/jdk1.8.0_101.jdk/Contents/Home/jre/lib/deploy.jar:/Library/Java/JavaVirtualMachines/jdk1.8.0_101.jdk/Contents/Home/jre/lib/ext/cldrdata.jar:/Library/Java/JavaVirtualMachines/jdk1.8.0_101.jdk/Contents/Home/jre/lib/ext/dnsns.jar:/Library/Java/JavaVirtualMachines/jdk1.8.0_101.jdk/Contents/Home/jre/lib/ext/jaccess.jar:/Library/Java/JavaVirtualMachines/jdk1.8.0_101.jdk/Contents/Home/jre/lib/ext/jfxrt.jar:/Library/Java/JavaVirtualMachines/jdk1.8.0_101.jdk/Contents/Home/jre/lib/ext/localedata.jar:/Library/Java/JavaVirtualMachines/jdk1.8.0_101.jdk/Contents/Home/jre/lib/ext/nashorn.jar:/Library/Java/JavaVirtualMachines/jdk1.8.0_101.jdk/Contents/Home/jre/lib/ext/sunec.jar:/Library/Java/JavaVirtualMachines/jdk1.8.0_101.jdk/Contents/Home/jre/lib/ext/sunjce_provider.jar:/Library/Java/JavaVirtualMachines/jdk1.8.0_101.jdk/Contents/Home/jre/lib/ext/sunpkcs11.jar:/Library/Java/JavaVirtualMachines/jdk1.8.0_101.jdk/Contents/Home/jre/lib/ext/zipfs.jar:/Library/Java/JavaVirtualMachines/jdk1.8.0_101.jdk/Contents/Home/jre/lib/javaws.jar:/Library/Java/JavaVirtualMachines/jdk1.8.0_101.jdk/Contents/Home/jre/lib/jce.jar:/Library/Java/JavaVirtualMachines/jdk1.8.0_101.jdk/Contents/Home/jre/lib/jfr.jar:/Library/Java/JavaVirtualMachines/jdk1.8.0_101.jdk/Contents/Home/jre/lib/jfxswt.jar:/Library/Java/JavaVirtualMachines/jdk1.8.0_101.jdk/Contents/Home/jre/lib/jsse.jar:/Library/Java/JavaVirtualMachines/jdk1.8.0_101.jdk/Contents/Home/jre/lib/management-agent.jar:/Library/Java/JavaVirtualMachines/jdk1.8.0_101.jdk/Contents/Home/jre/lib/plugin.jar:/Library/Java/JavaVirtualMachines/jdk1.8.0_101.jdk/Contents/Home/jre/lib/resources.jar:/Library/Java/JavaVirtualMachines/jdk1.8.0_101.jdk/Contents/Home/jre/lib/rt.jar:/Library/Java/JavaVirtualMachines/jdk1.8.0_101.jdk/Contents/Home/lib/ant-javafx.jar:
Launcher Type: SUN_STANDARD

Environment Variables:
JAVA_HOME=/Library/Java/JavaVirtualMachines/jdk1.8.0_131.jdk/Contents/Home
PATH=/Library/Frameworks/Python.framework/Versions/3.6/bin:/Users/emilbonnekristiansen/.rvm/gems/ruby-2.3.0/bin:/Users/emilbonnekristiansen/.rvm/gems/ruby-2.3.0@global/bin:/Users/emilbonnekristiansen/.rvm/rubies/ruby-2.3.0/bin:/Library/Java/JavaVirtualMachines/jdk1.8.0_131.jdk/Contents/Home/bin:/usr/local/bin:/usr/bin:/bin:/usr/sbin:/sbin:/Library/TeX/texbin:/usr/local/go/bin:/opt/X11/bin:/Applications/Wireshark.app/Contents/MacOS:/usr/local/git/bin:/Applications/Postgres.app/Contents/Versions/latest/bin:/Users/emilbonnekristiansen/Documents/gocode/bin:/Users/emilbonnekristiansen/.rvm/bin
SHELL=/bin/bash
DISPLAY=/private/tmp/com.apple.launchd.so053poZhJ/org.macosforge.xquartz:0

Signal Handlers:
SIGSEGV: [libjvm.dylib+0x5af145], sa_mask[0]=11111111011111110111111111111111, sa_flags=SA_ONSTACK|SA_RESTART|SA_SIGINFO
SIGBUS: [libjvm.dylib+0x5af145], sa_mask[0]=11111111011111110111111111111111, sa_flags=SA_RESTART|SA_SIGINFO
SIGFPE: [libjvm.dylib+0x48694c], sa_mask[0]=11111111011111110111111111111111, sa_flags=SA_RESTART|SA_SIGINFO
SIGPIPE: [libjvm.dylib+0x48694c], sa_mask[0]=11111111011111110111111111111111, sa_flags=SA_RESTART|SA_SIGINFO
SIGXFSZ: [libjvm.dylib+0x48694c], sa_mask[0]=11111111011111110111111111111111, sa_flags=SA_RESTART|SA_SIGINFO
SIGILL: [libjvm.dylib+0x48694c], sa_mask[0]=11111111011111110111111111111111, sa_flags=SA_RESTART|SA_SIGINFO
SIGUSR1: SIG_DFL, sa_mask[0]=00000000000000000000000000000000, sa_flags=none
SIGUSR2: [libjvm.dylib+0x48646a], sa_mask[0]=00100000000000000000000000000000, sa_flags=SA_RESTART|SA_SIGINFO
SIGHUP: [libjvm.dylib+0x484a41], sa_mask[0]=11111111011111110111111111111111, sa_flags=SA_RESTART|SA_SIGINFO
SIGINT: [libjvm.dylib+0x484a41], sa_mask[0]=11111111011111110111111111111111, sa_flags=SA_RESTART|SA_SIGINFO
SIGTERM: [libjvm.dylib+0x484a41], sa_mask[0]=11111111011111110111111111111111, sa_flags=SA_RESTART|SA_SIGINFO
SIGQUIT: [libjvm.dylib+0x484a41], sa_mask[0]=11111111011111110111111111111111, sa_flags=SA_RESTART|SA_SIGINFO


---------------  S Y S T E M  ---------------

OS:Bsduname:Darwin 17.4.0 Darwin Kernel Version 17.4.0: Sun Dec 17 09:19:54 PST 2017; root:xnu-4570.41.2~1/RELEASE_X86_64 x86_64
rlimit: STACK 8192k, CORE 0k, NPROC 1418, NOFILE 10240, AS infinity
load average:3.52 2.87 2.60

CPU:total 8 (4 cores per cpu, 2 threads per core) family 6 model 58 stepping 9, cmov, cx8, fxsr, mmx, sse, sse2, sse3, ssse3, sse4.1, sse4.2, popcnt, avx, aes, clmul, erms, ht, tsc, tscinvbit, tscinv

Memory: 4k page, physical 16777216k(343708k free)

/proc/meminfo:


vm_info: Java HotSpot(TM) 64-Bit Server VM (25.101-b13) for bsd-amd64 JRE (1.8.0_101-b13), built on Jun 22 2016 02:42:15 by "java_re" with gcc 4.2.1 (Based on Apple Inc. build 5658) (LLVM build 2336.11.00)

time: Wed Mar 21 11:53:22 2018
elapsed time: 12 seconds (0d 0h 0m 12s)

